2024.10.08 03:31:41 INFO  Started: Metals version 1.3.5 in folders '/workspaces/languages-jmstory/functional' for client Visual Studio Code 1.94.0.
SLF4J(W): Class path contains multiple SLF4J providers.
SLF4J(W): Found provider [scribe.slf4j.ScribeServiceProvider@3024e9ea]
SLF4J(W): Found provider [ch.qos.logback.classic.spi.LogbackServiceProvider@58199a1f]
SLF4J(W): See https://www.slf4j.org/codes.html#multiple_bindings for an explanation.
SLF4J(I): Actual provider is of type [scribe.slf4j.ScribeServiceProvider@3024e9ea]
2024.10.08 03:31:41 WARN  Flyway upgrade recommended: H2 2.3.230 is newer than this version of Flyway and support has not been tested. The latest supported version of H2 is 2.2.220.
2024.10.08 03:31:42 INFO  no build target found for /workspaces/languages-jmstory/functional/hello-world-scala/build.sbt. Using presentation compiler with project's scala-library version: 3.3.3
2024.10.08 03:34:13 INFO  no build target found for /workspaces/languages-jmstory/functional/hello-world-scala/build.sbt. Using presentation compiler with project's scala-library version: 3.3.3
2024.10.08 03:34:37 INFO  no build target found for /workspaces/languages-jmstory/functional/hello-world-scala/src/main/scala/HelloWorldServer.scala. Using presentation compiler with project's scala-library version: 3.3.3
2024.10.08 03:34:37 INFO  no build target found for /workspaces/languages-jmstory/functional/hello-world-scala/src/main/scala/HelloWorldServer.scala. Using presentation compiler with project's scala-library version: 3.3.3
2024.10.08 03:34:37 INFO  no build target found for /workspaces/languages-jmstory/functional/hello-world-scala/src/main/scala/HelloWorldServer.scala. Using presentation compiler with project's scala-library version: 3.3.3
2024.10.08 03:34:42 INFO  no build target found for /workspaces/languages-jmstory/functional/hello-world-scala/src/main/scala/HelloWorldServer.scala. Using presentation compiler with project's scala-library version: 3.3.3
2024.10.08 03:34:42 INFO  no build target found for /workspaces/languages-jmstory/functional/hello-world-scala/src/main/scala/HelloWorldServer.scala. Using presentation compiler with project's scala-library version: 3.3.3
2024.10.08 03:34:43 INFO  no build target found for /workspaces/languages-jmstory/functional/hello-world-scala/src/main/scala/HelloWorldServer.scala. Using presentation compiler with project's scala-library version: 3.3.3
2024.10.08 03:34:42 INFO  no build target found for /workspaces/languages-jmstory/functional/hello-world-scala/src/main/scala/HelloWorldServer.scala. Using presentation compiler with project's scala-library version: 3.3.3
2024.10.08 03:34:43 INFO  no build target found for /workspaces/languages-jmstory/functional/hello-world-scala/src/main/scala/HelloWorldServer.scala. Using presentation compiler with project's scala-library version: 3.3.3
2024.10.08 03:34:43 INFO  no build target found for /workspaces/languages-jmstory/functional/hello-world-scala/src/main/scala/HelloWorldServer.scala. Using presentation compiler with project's scala-library version: 3.3.3
2024.10.08 03:34:44 INFO  no build target found for /workspaces/languages-jmstory/functional/hello-world-scala/src/main/scala/HelloWorldServer.scala. Using presentation compiler with project's scala-library version: 3.3.3
2024.10.08 03:34:44 INFO  no build target found for /workspaces/languages-jmstory/functional/hello-world-scala/src/main/scala/HelloWorldServer.scala. Using presentation compiler with project's scala-library version: 3.3.3
2024.10.08 03:34:44 INFO  no build target found for /workspaces/languages-jmstory/functional/hello-world-scala/src/main/scala/HelloWorldServer.scala. Using presentation compiler with project's scala-library version: 3.3.3
2024.10.08 03:34:44 INFO  no build target found for /workspaces/languages-jmstory/functional/hello-world-scala/src/main/scala/HelloWorldServer.scala. Using presentation compiler with project's scala-library version: 3.3.3
2024.10.08 03:34:44 INFO  no build target found for /workspaces/languages-jmstory/functional/hello-world-scala/src/main/scala/HelloWorldServer.scala. Using presentation compiler with project's scala-library version: 3.3.3
2024.10.08 03:34:44 INFO  no build target found for /workspaces/languages-jmstory/functional/hello-world-scala/src/main/scala/HelloWorldServer.scala. Using presentation compiler with project's scala-library version: 3.3.3
2024.10.08 03:34:44 INFO  no build target found for /workspaces/languages-jmstory/functional/hello-world-scala/src/main/scala/HelloWorldServer.scala. Using presentation compiler with project's scala-library version: 3.3.3
2024.10.08 03:34:44 INFO  no build target found for /workspaces/languages-jmstory/functional/hello-world-scala/src/main/scala/HelloWorldServer.scala. Using presentation compiler with project's scala-library version: 3.3.3
2024.10.08 03:34:45 INFO  no build target found for /workspaces/languages-jmstory/functional/hello-world-scala/src/main/scala/HelloWorldServer.scala. Using presentation compiler with project's scala-library version: 3.3.3
2024.10.08 03:34:44 INFO  no build target found for /workspaces/languages-jmstory/functional/hello-world-scala/src/main/scala/HelloWorldServer.scala. Using presentation compiler with project's scala-library version: 3.3.3
2024.10.08 03:34:44 INFO  no build target found for /workspaces/languages-jmstory/functional/hello-world-scala/src/main/scala/HelloWorldServer.scala. Using presentation compiler with project's scala-library version: 3.3.3
2024.10.08 03:34:45 INFO  no build target found for /workspaces/languages-jmstory/functional/hello-world-scala/src/main/scala/HelloWorldServer.scala. Using presentation compiler with project's scala-library version: 3.3.3
2024.10.08 03:34:45 INFO  no build target found for /workspaces/languages-jmstory/functional/hello-world-scala/src/main/scala/HelloWorldServer.scala. Using presentation compiler with project's scala-library version: 3.3.3
2024.10.08 03:34:48 INFO  no build target found for /workspaces/languages-jmstory/functional/hello-world-scala/src/main/scala/HelloWorldServer.scala. Using presentation compiler with project's scala-library version: 3.3.3
2024.10.08 03:34:48 INFO  no build target found for /workspaces/languages-jmstory/functional/hello-world-scala/src/main/scala/HelloWorldServer.scala. Using presentation compiler with project's scala-library version: 3.3.3
2024.10.08 03:34:48 INFO  no build target found for /workspaces/languages-jmstory/functional/hello-world-scala/src/main/scala/HelloWorldServer.scala. Using presentation compiler with project's scala-library version: 3.3.3
2024.10.08 03:34:49 INFO  no build target found for /workspaces/languages-jmstory/functional/hello-world-scala/src/main/scala/HelloWorldServer.scala. Using presentation compiler with project's scala-library version: 3.3.3
2024.10.08 03:34:48 INFO  no build target found for /workspaces/languages-jmstory/functional/hello-world-scala/src/main/scala/HelloWorldServer.scala. Using presentation compiler with project's scala-library version: 3.3.3
2024.10.08 03:34:48 INFO  no build target found for /workspaces/languages-jmstory/functional/hello-world-scala/src/main/scala/HelloWorldServer.scala. Using presentation compiler with project's scala-library version: 3.3.3
2024.10.08 03:34:48 INFO  no build target found for /workspaces/languages-jmstory/functional/hello-world-scala/src/main/scala/HelloWorldServer.scala. Using presentation compiler with project's scala-library version: 3.3.3
2024.10.08 03:34:49 INFO  no build target found for /workspaces/languages-jmstory/functional/hello-world-scala/src/main/scala/HelloWorldServer.scala. Using presentation compiler with project's scala-library version: 3.3.3
2024.10.08 03:34:49 INFO  no build target found for /workspaces/languages-jmstory/functional/hello-world-scala/src/main/scala/HelloWorldServer.scala. Using presentation compiler with project's scala-library version: 3.3.3
2024.10.08 03:34:53 INFO  no build target found for /workspaces/languages-jmstory/functional/hello-world-scala/src/main/scala/HelloWorldServer.scala. Using presentation compiler with project's scala-library version: 3.3.3
2024.10.08 03:34:54 INFO  no build target found for /workspaces/languages-jmstory/functional/hello-world-scala/src/main/scala/HelloWorldServer.scala. Using presentation compiler with project's scala-library version: 3.3.3
2024.10.08 03:34:54 INFO  no build target found for /workspaces/languages-jmstory/functional/hello-world-scala/src/main/scala/HelloWorldServer.scala. Using presentation compiler with project's scala-library version: 3.3.3
2024.10.08 03:35:11 INFO  no build target found for /workspaces/languages-jmstory/functional/hello-world-scala/src/main/scala/HelloWorldServer.scala. Using presentation compiler with project's scala-library version: 3.3.3
2024.10.08 03:35:11 INFO  no build target found for /workspaces/languages-jmstory/functional/hello-world-scala/src/main/scala/HelloWorldServer.scala. Using presentation compiler with project's scala-library version: 3.3.3
2024.10.08 03:35:11 INFO  no build target found for /workspaces/languages-jmstory/functional/hello-world-scala/src/main/scala/HelloWorldServer.scala. Using presentation compiler with project's scala-library version: 3.3.3
2024.10.08 03:35:11 INFO  no build target found for /workspaces/languages-jmstory/functional/hello-world-scala/src/main/scala/HelloWorldServer.scala. Using presentation compiler with project's scala-library version: 3.3.3
2024.10.08 03:35:11 INFO  no build target found for /workspaces/languages-jmstory/functional/hello-world-scala/src/main/scala/HelloWorldServer.scala. Using presentation compiler with project's scala-library version: 3.3.3
2024.10.08 03:35:11 INFO  no build target found for /workspaces/languages-jmstory/functional/hello-world-scala/src/main/scala/HelloWorldServer.scala. Using presentation compiler with project's scala-library version: 3.3.3
2024.10.08 03:35:12 WARN  no build target for: /workspaces/languages-jmstory/functional/hello-world-scala/src/main/scala/HelloWorldServer.scala
2024.10.08 03:35:12 INFO  no build target found for /workspaces/languages-jmstory/functional/hello-world-scala/src/main/scala/HelloWorldServer.scala. Using presentation compiler with project's scala-library version: 3.3.3
2024.10.08 03:35:19 INFO  no build target found for /workspaces/languages-jmstory/functional/hello-world-scala/src/main/scala/HelloWorldServer.scala. Using presentation compiler with project's scala-library version: 3.3.3
2024.10.08 03:35:20 INFO  no build target found for /workspaces/languages-jmstory/functional/hello-world-scala/src/main/scala/HelloWorldServer.scala. Using presentation compiler with project's scala-library version: 3.3.3
2024.10.08 03:35:19 INFO  no build target found for /workspaces/languages-jmstory/functional/hello-world-scala/src/main/scala/HelloWorldServer.scala. Using presentation compiler with project's scala-library version: 3.3.3
2024.10.08 03:35:20 INFO  no build target found for /workspaces/languages-jmstory/functional/hello-world-scala/src/main/scala/HelloWorldServer.scala. Using presentation compiler with project's scala-library version: 3.3.3
2024.10.08 03:35:20 INFO  no build target found for /workspaces/languages-jmstory/functional/hello-world-scala/src/main/scala/HelloWorldServer.scala. Using presentation compiler with project's scala-library version: 3.3.3
2024.10.08 03:35:20 WARN  no build target for: /workspaces/languages-jmstory/functional/hello-world-scala/src/main/scala/HelloWorldServer.scala
2024.10.08 03:35:21 INFO  no build target found for /workspaces/languages-jmstory/functional/hello-world-scala/src/main/scala/HelloWorldServer.scala. Using presentation compiler with project's scala-library version: 3.3.3
2024.10.08 03:35:21 INFO  no build target found for /workspaces/languages-jmstory/functional/hello-world-scala/src/main/scala/HelloWorldServer.scala. Using presentation compiler with project's scala-library version: 3.3.3
2024.10.08 03:35:24 INFO  no build target found for /workspaces/languages-jmstory/functional/hello-world-scala/src/main/scala/HelloWorldServer.scala. Using presentation compiler with project's scala-library version: 3.3.3
2024.10.08 03:35:26 INFO  no build target found for /workspaces/languages-jmstory/functional/hello-world-scala/src/main/scala/HelloWorldServer.scala. Using presentation compiler with project's scala-library version: 3.3.3
2024.10.08 03:35:26 INFO  no build target found for /workspaces/languages-jmstory/functional/hello-world-scala/src/main/scala/HelloWorldServer.scala. Using presentation compiler with project's scala-library version: 3.3.3
2024.10.08 03:35:26 INFO  no build target found for /workspaces/languages-jmstory/functional/hello-world-scala/src/main/scala/HelloWorldServer.scala. Using presentation compiler with project's scala-library version: 3.3.3
2024.10.08 03:35:26 INFO  no build target found for /workspaces/languages-jmstory/functional/hello-world-scala/src/main/scala/HelloWorldServer.scala. Using presentation compiler with project's scala-library version: 3.3.3
2024.10.08 03:35:26 INFO  no build target found for /workspaces/languages-jmstory/functional/hello-world-scala/src/main/scala/HelloWorldServer.scala. Using presentation compiler with project's scala-library version: 3.3.3
2024.10.08 03:35:26 INFO  no build target found for /workspaces/languages-jmstory/functional/hello-world-scala/src/main/scala/HelloWorldServer.scala. Using presentation compiler with project's scala-library version: 3.3.3
2024.10.08 03:35:27 INFO  no build target found for /workspaces/languages-jmstory/functional/hello-world-scala/src/main/scala/HelloWorldServer.scala. Using presentation compiler with project's scala-library version: 3.3.3
2024.10.08 03:35:27 INFO  no build target found for /workspaces/languages-jmstory/functional/hello-world-scala/src/main/scala/HelloWorldServer.scala. Using presentation compiler with project's scala-library version: 3.3.3
2024.10.08 03:35:26 INFO  no build target found for /workspaces/languages-jmstory/functional/hello-world-scala/src/main/scala/HelloWorldServer.scala. Using presentation compiler with project's scala-library version: 3.3.3
2024.10.08 03:35:27 INFO  no build target found for /workspaces/languages-jmstory/functional/hello-world-scala/src/main/scala/HelloWorldServer.scala. Using presentation compiler with project's scala-library version: 3.3.3
2024.10.08 03:35:27 WARN  no build target for: /workspaces/languages-jmstory/functional/hello-world-scala/src/main/scala/HelloWorldServer.scala
2024.10.08 03:35:27 INFO  no build target found for /workspaces/languages-jmstory/functional/hello-world-scala/src/main/scala/HelloWorldServer.scala. Using presentation compiler with project's scala-library version: 3.3.3
2024.10.08 03:35:27 INFO  no build target found for /workspaces/languages-jmstory/functional/hello-world-scala/src/main/scala/HelloWorldServer.scala. Using presentation compiler with project's scala-library version: 3.3.3
2024.10.08 03:35:31 INFO  no build target found for /workspaces/languages-jmstory/functional/hello-world-scala/src/main/scala/HelloWorldServer.scala. Using presentation compiler with project's scala-library version: 3.3.3
2024.10.08 03:35:31 INFO  no build target found for /workspaces/languages-jmstory/functional/hello-world-scala/src/main/scala/HelloWorldServer.scala. Using presentation compiler with project's scala-library version: 3.3.3
2024.10.08 03:35:36 INFO  no build target found for /workspaces/languages-jmstory/functional/hello-world-scala/src/main/scala/HelloWorldServer.scala. Using presentation compiler with project's scala-library version: 3.3.3
2024.10.08 03:35:36 INFO  no build target found for /workspaces/languages-jmstory/functional/hello-world-scala/src/main/scala/HelloWorldServer.scala. Using presentation compiler with project's scala-library version: 3.3.3
2024.10.08 03:35:36 INFO  no build target found for /workspaces/languages-jmstory/functional/hello-world-scala/src/main/scala/HelloWorldServer.scala. Using presentation compiler with project's scala-library version: 3.3.3
2024.10.08 03:35:36 INFO  no build target found for /workspaces/languages-jmstory/functional/hello-world-scala/src/main/scala/HelloWorldServer.scala. Using presentation compiler with project's scala-library version: 3.3.3
2024.10.08 03:35:37 INFO  no build target found for /workspaces/languages-jmstory/functional/hello-world-scala/src/main/scala/HelloWorldServer.scala. Using presentation compiler with project's scala-library version: 3.3.3
2024.10.08 03:35:36 INFO  no build target found for /workspaces/languages-jmstory/functional/hello-world-scala/src/main/scala/HelloWorldServer.scala. Using presentation compiler with project's scala-library version: 3.3.3
2024.10.08 03:35:37 INFO  no build target found for /workspaces/languages-jmstory/functional/hello-world-scala/src/main/scala/HelloWorldServer.scala. Using presentation compiler with project's scala-library version: 3.3.3
2024.10.08 03:35:37 INFO  no build target found for /workspaces/languages-jmstory/functional/hello-world-scala/src/main/scala/HelloWorldServer.scala. Using presentation compiler with project's scala-library version: 3.3.3
2024.10.08 03:35:36 INFO  no build target found for /workspaces/languages-jmstory/functional/hello-world-scala/src/main/scala/HelloWorldServer.scala. Using presentation compiler with project's scala-library version: 3.3.3
2024.10.08 03:35:37 INFO  no build target found for /workspaces/languages-jmstory/functional/hello-world-scala/src/main/scala/HelloWorldServer.scala. Using presentation compiler with project's scala-library version: 3.3.3
2024.10.08 03:35:37 INFO  no build target found for /workspaces/languages-jmstory/functional/hello-world-scala/src/main/scala/HelloWorldServer.scala. Using presentation compiler with project's scala-library version: 3.3.3
2024.10.08 03:35:37 INFO  no build target found for /workspaces/languages-jmstory/functional/hello-world-scala/src/main/scala/HelloWorldServer.scala. Using presentation compiler with project's scala-library version: 3.3.3
2024.10.08 03:35:37 INFO  no build target found for /workspaces/languages-jmstory/functional/hello-world-scala/src/main/scala/HelloWorldServer.scala. Using presentation compiler with project's scala-library version: 3.3.3
2024.10.08 03:35:37 INFO  no build target found for /workspaces/languages-jmstory/functional/hello-world-scala/src/main/scala/HelloWorldServer.scala. Using presentation compiler with project's scala-library version: 3.3.3
2024.10.08 03:35:37 INFO  no build target found for /workspaces/languages-jmstory/functional/hello-world-scala/src/main/scala/HelloWorldServer.scala. Using presentation compiler with project's scala-library version: 3.3.3
2024.10.08 03:35:38 INFO  no build target found for /workspaces/languages-jmstory/functional/hello-world-scala/src/main/scala/HelloWorldServer.scala. Using presentation compiler with project's scala-library version: 3.3.3
2024.10.08 03:35:38 INFO  no build target found for /workspaces/languages-jmstory/functional/hello-world-scala/src/main/scala/HelloWorldServer.scala. Using presentation compiler with project's scala-library version: 3.3.3
2024.10.08 03:35:38 WARN  no build target for: /workspaces/languages-jmstory/functional/hello-world-scala/src/main/scala/HelloWorldServer.scala
2024.10.08 03:35:38 INFO  no build target found for /workspaces/languages-jmstory/functional/hello-world-scala/src/main/scala/HelloWorldServer.scala. Using presentation compiler with project's scala-library version: 3.3.3
2024.10.08 03:35:40 INFO  no build target found for /workspaces/languages-jmstory/functional/hello-world-scala/src/main/scala/HelloWorldServer.scala. Using presentation compiler with project's scala-library version: 3.3.3
2024.10.08 03:36:01 INFO  Shutting down server
2024.10.08 03:36:01 INFO  shutting down Metals
2024.10.08 03:36:01 INFO  Exiting server
2024.10.08 03:36:26 INFO  Started: Metals version 1.3.5 in folders '/workspaces/languages-jmstory/functional' for client Visual Studio Code 1.94.0.
SLF4J(W): Class path contains multiple SLF4J providers.
SLF4J(W): Found provider [scribe.slf4j.ScribeServiceProvider@37f84346]
SLF4J(W): Found provider [ch.qos.logback.classic.spi.LogbackServiceProvider@655dffd]
SLF4J(W): See https://www.slf4j.org/codes.html#multiple_bindings for an explanation.
SLF4J(I): Actual provider is of type [scribe.slf4j.ScribeServiceProvider@37f84346]
2024.10.08 03:36:26 WARN  Flyway upgrade recommended: H2 2.3.230 is newer than this version of Flyway and support has not been tested. The latest supported version of H2 is 2.2.220.
2024.10.08 03:36:28 INFO  no build target found for /workspaces/languages-jmstory/functional/hello-world-scala/src/main/scala/HelloWorldServer.scala. Using presentation compiler with project's scala-library version: 3.3.3
2024.10.08 03:36:35 INFO  running '/usr/lib/jvm/msopenjdk-current/bin/java -Djline.terminal=jline.UnsupportedTerminal -Dsbt.log.noformat=true -Dfile.encoding=UTF-8 -jar /tmp/metals4406599339061023861/sbt-launch.jar -Dbloop.export-jar-classifiers=sources bloopInstall'
2024.10.08 03:36:35 ERROR [info] [launcher] getting org.scala-sbt sbt 1.10.1  (this may take some time)...
2024.10.08 03:36:39 INFO  no build target found for /workspaces/languages-jmstory/functional/hello-world-scala/src/main/scala/HelloWorldServer.scala. Using presentation compiler with project's scala-library version: 3.3.3
Oct 08, 2024 3:36:40 AM org.eclipse.lsp4j.jsonrpc.services.GenericEndpoint notify
INFO: Unsupported notification method: $/setTrace
2024.10.08 03:36:43 ERROR [info] [launcher] getting Scala 2.12.19 (for sbt)...
2024.10.08 03:36:43 INFO  [info] welcome to sbt 1.10.1 (Microsoft Java 21.0.4)
2024.10.08 03:36:46 INFO  [info] loading settings for project hello-world-scala-build-build from metals.sbt ...
2024.10.08 03:36:46 INFO  [info] loading project definition from /workspaces/languages-jmstory/functional/hello-world-scala/project/project
2024.10.08 03:36:49 INFO  [info] loading settings for project hello-world-scala-build from metals.sbt ...
2024.10.08 03:36:49 INFO  [info] loading project definition from /workspaces/languages-jmstory/functional/hello-world-scala/project
2024.10.08 03:36:53 INFO  [success] Generated .bloop/hello-world-scala-build.json
2024.10.08 03:36:53 INFO  [success] Total time: 4 s, completed Oct 8, 2024, 3:36:54 AM
2024.10.08 03:36:55 INFO  [info] loading settings for project root from build.sbt ...
2024.10.08 03:36:55 INFO  [info] set current project to HelloWorldScalaApp (in build file:/workspaces/languages-jmstory/functional/hello-world-scala/)
2024.10.08 03:37:02 INFO  [success] Generated .bloop/root-test.json
2024.10.08 03:37:02 INFO  [success] Generated .bloop/root.json
2024.10.08 03:37:02 INFO  [success] Total time: 7 s, completed Oct 8, 2024, 3:37:02 AM
2024.10.08 03:37:03 INFO  time: ran 'sbt bloopInstall' in 27s
2024.10.08 03:37:03 INFO  Attempting to connect to the build server...
2024.10.08 03:37:03 INFO  Setting up current java home /usr/lib/jvm/msopenjdk-current in /home/vscode/.bloop/bloop.json
2024.10.08 03:37:13 INFO  tracing is disabled for protocol BSP, to enable tracing of incoming and outgoing JSON messages create an empty file at /workspaces/languages-jmstory/functional/.metals/bsp.trace.json or /home/vscode/.cache/metals/bsp.trace.json
2024.10.08 03:37:17 INFO  time: Connected to build server in 14s
2024.10.08 03:37:17 INFO  Connected to Build server: Bloop v1.6.0
2024.10.08 03:37:17 INFO  time: Imported build in 0.14s
2024.10.08 03:37:17 INFO  running doctor check
2024.10.08 03:37:17 INFO  java targets: root, root-test
2024.10.08 03:37:21 WARN  Flyway upgrade recommended: H2 2.3.230 is newer than this version of Flyway and support has not been tested. The latest supported version of H2 is 2.2.220.
2024.10.08 03:37:24 INFO  Shutting down server
2024.10.08 03:37:24 INFO  shutting down Metals
2024.10.08 03:37:24 INFO  Shut down connection with build server.
2024.10.08 03:37:24 INFO  Exiting server
